#
# There is insufficient memory for the Java Runtime Environment to continue.
# Native memory allocation (malloc) failed to allocate 382016 bytes for Chunk::new
# Possible reasons:
#   The system is out of physical RAM or swap space
#   In 32 bit mode, the process size limit was hit
# Possible solutions:
#   Reduce memory load on the system
#   Increase physical memory or swap space
#   Check if swap backing store is full
#   Use 64 bit Java on a 64 bit OS
#   Decrease Java heap size (-Xmx/-Xms)
#   Decrease number of Java threads
#   Decrease Java thread stack sizes (-Xss)
#   Set larger code cache with -XX:ReservedCodeCacheSize=
# This output file may be truncated or incomplete.
#
#  Out of Memory Error (allocation.cpp:328), pid=12624, tid=12292
#
# JRE version: 7.0_25-b17
# Java VM: Java HotSpot(TM) 64-Bit Server VM (23.25-b01 mixed mode windows-amd64 compressed oops)
# Failed to write core dump. Minidumps are not enabled by default on client versions of Windows
#

---------------  T H R E A D  ---------------

Current thread (0x0000000013662800):  JavaThread "C2 CompilerThread0" daemon [_thread_in_native, id=12292, stack(0x0000000013bc0000,0x0000000013cc0000)]

Stack: [0x0000000013bc0000,0x0000000013cc0000]

Current CompileTask:
C2:   1982  140             com.android.dx.ssa.DeadCodeRemover::isCircularNoSideEffect (140 bytes)


---------------  P R O C E S S  ---------------

Java Threads: ( => current thread )
  0x000000001367c800 JavaThread "Service Thread" daemon [_thread_blocked, id=10836, stack(0x00000000141e0000,0x00000000142e0000)]
  0x0000000013666000 JavaThread "C2 CompilerThread1" daemon [_thread_blocked, id=6740, stack(0x0000000013f70000,0x0000000014070000)]
=>0x0000000013662800 JavaThread "C2 CompilerThread0" daemon [_thread_in_native, id=12292, stack(0x0000000013bc0000,0x0000000013cc0000)]
  0x000000001365d800 JavaThread "Attach Listener" daemon [_thread_blocked, id=9144, stack(0x0000000013d20000,0x0000000013e20000)]
  0x000000001365c800 JavaThread "Signal Dispatcher" daemon [_thread_blocked, id=10048, stack(0x0000000013a40000,0x0000000013b40000)]
  0x0000000011859000 JavaThread "Finalizer" daemon [_thread_blocked, id=12732, stack(0x0000000013510000,0x0000000013610000)]
  0x000000001184f800 JavaThread "Reference Handler" daemon [_thread_blocked, id=12264, stack(0x0000000013390000,0x0000000013490000)]
  0x000000000235e800 JavaThread "main" [_thread_blocked, id=11840, stack(0x0000000002630000,0x0000000002730000)]

Other Threads:
  0x0000000011848000 VMThread [stack: 0x0000000013280000,0x0000000013380000] [id=14056]
  0x0000000013697800 WatcherThread [stack: 0x0000000014380000,0x0000000014480000] [id=12704]

VM state:synchronizing (normal execution)

VM Mutex/Monitor currently owned by a thread:  ([mutex/lock_event])
[0x000000000235ba40] Safepoint_lock - owner thread: 0x0000000011848000
[0x000000000235bac0] Threads_lock - owner thread: 0x0000000011848000

Heap
 PSYoungGen      total 76352K, used 17295K [0x00000007aaab0000, 0x00000007affe0000, 0x0000000800000000)
  eden space 65472K, 26% used [0x00000007aaab0000,0x00000007abb93e80,0x00000007aeaa0000)
  from space 10880K, 0% used [0x00000007af540000,0x00000007af540000,0x00000007affe0000)
  to   space 10880K, 0% used [0x00000007aeaa0000,0x00000007aeaa0000,0x00000007af540000)
 ParOldGen       total 174528K, used 0K [0x0000000700000000, 0x000000070aa70000, 0x00000007aaab0000)
  object space 174528K, 0% used [0x0000000700000000,0x0000000700000000,0x000000070aa70000)
 PSPermGen       total 21248K, used 5219K [0x00000006fae00000, 0x00000006fc2c0000, 0x0000000700000000)
  object space 21248K, 24% used [0x00000006fae00000,0x00000006fb318e98,0x00000006fc2c0000)

Card table byte_map: [0x0000000005730000,0x0000000005f60000] byte_map_base: 0x0000000001f59000

Polling page: 0x0000000000230000

Code Cache  [0x0000000002730000, 0x00000000029a0000, 0x0000000005730000)
 total_blobs=367 nmethods=139 adapters=179 free_code_cache=48579Kb largest_free_block=49723456

Compilation events (10 events):
Event: 0.969 Thread 0x0000000013666000 nmethod 135 0x00000000027c2190 code [0x00000000027c22e0, 0x00000000027c2598]
Event: 0.969 Thread 0x0000000013666000  137  s          java.util.Vector::removeElementAt (115 bytes)
Event: 0.970 Thread 0x0000000013662800 nmethod 136 0x00000000027c1a90 code [0x00000000027c1be0, 0x00000000027c1ef8]
Event: 0.970 Thread 0x0000000013666000 nmethod 137 0x00000000027c4090 code [0x00000000027c41e0, 0x00000000027c4618]
Event: 0.975 Thread 0x0000000013662800  138             com.android.dx.ssa.SsaInsn::getBlock (5 bytes)
Event: 0.975 Thread 0x0000000013662800 nmethod 138 0x00000000027bc690 code [0x00000000027bc7c0, 0x00000000027bc838]
Event: 0.975 Thread 0x0000000013666000  139             com.android.dx.ssa.DeadCodeRemover::hasSideEffect (11 bytes)
Event: 0.977 Thread 0x0000000013666000 nmethod 139 0x00000000027bfcd0 code [0x00000000027bfe20, 0x00000000027bffc8]
Event: 0.977 Thread 0x0000000013662800  140             com.android.dx.ssa.DeadCodeRemover::isCircularNoSideEffect (140 bytes)
Event: 0.982 Thread 0x0000000013666000  141             com.android.dx.ssa.DeadCodeRemover::access$000 (5 bytes)

GC Heap History (0 events):
No events

Deoptimization events (0 events):
No events

Internal exceptions (1 events):
Event: 0.028 Thread 0x000000000235e800 Threw 0x00000007aaab61b0 at C:\jdk7u2_64p\jdk7u25\hotspot\src\share\vm\prims\jni.cpp:3994

Events (10 events):
Event: 0.721 loading class 0x00000000136e9030
Event: 0.721 loading class 0x00000000136e9030 done
Event: 0.721 loading class 0x00000000136deee0
Event: 0.721 loading class 0x00000000136deee0 done
Event: 0.810 loading class 0x00000000137a04a0
Event: 0.810 loading class 0x00000000137a04a0 done
Event: 0.846 loading class 0x000000001171f270
Event: 0.846 loading class 0x000000001171f270 done
Event: 0.916 loading class 0x00000000137d2e50
Event: 0.916 loading class 0x00000000137d2e50 done


Dynamic libraries:
0x000000013fb40000 - 0x000000013fb73000 	C:\PROGRA~1\Java\JDK17~1.0_2\bin\java.exe
0x0000000077c30000 - 0x0000000077dd8000 	C:\Windows\SYSTEM32\ntdll.dll
0x0000000077b10000 - 0x0000000077c2f000 	C:\Windows\system32\kernel32.dll
0x000007fefdd40000 - 0x000007fefddac000 	C:\Windows\system32\KERNELBASE.dll
0x000007feff440000 - 0x000007feff51b000 	C:\Windows\system32\ADVAPI32.dll
0x000007fefe090000 - 0x000007fefe12f000 	C:\Windows\system32\msvcrt.dll
0x000007fefe1e0000 - 0x000007fefe1ff000 	C:\Windows\SYSTEM32\sechost.dll
0x000007feff120000 - 0x000007feff24d000 	C:\Windows\system32\RPCRT4.dll
0x0000000077a10000 - 0x0000000077b0a000 	C:\Windows\system32\USER32.dll
0x000007fefde10000 - 0x000007fefde77000 	C:\Windows\system32\GDI32.dll
0x000007feff430000 - 0x000007feff43e000 	C:\Windows\system32\LPK.dll
0x000007fefe200000 - 0x000007fefe2c9000 	C:\Windows\system32\USP10.dll
0x000007fefc2e0000 - 0x000007fefc4d4000 	C:\Windows\WinSxS\amd64_microsoft.windows.common-controls_6595b64144ccf1df_6.0.7601.17514_none_fa396087175ac9ac\COMCTL32.dll
0x000007feffc70000 - 0x000007feffce1000 	C:\Windows\system32\SHLWAPI.dll
0x000007feff520000 - 0x000007feff54e000 	C:\Windows\system32\IMM32.DLL
0x000007feffb60000 - 0x000007feffc69000 	C:\Windows\system32\MSCTF.dll
0x00000000788b0000 - 0x0000000078981000 	C:\PROGRA~1\Java\JDK17~1.0_2\jre\bin\msvcr100.dll
0x000000006e780000 - 0x000000006ee8f000 	C:\PROGRA~1\Java\JDK17~1.0_2\jre\bin\server\jvm.dll
0x000007fef7b60000 - 0x000007fef7b69000 	C:\Windows\system32\WSOCK32.dll
0x000007feffb10000 - 0x000007feffb5d000 	C:\Windows\system32\WS2_32.dll
0x000007fefe130000 - 0x000007fefe138000 	C:\Windows\system32\NSI.dll
0x000007fefa400000 - 0x000007fefa43b000 	C:\Windows\system32\WINMM.dll
0x0000000077df0000 - 0x0000000077df7000 	C:\Windows\system32\PSAPI.DLL
0x0000000073f80000 - 0x0000000073f8f000 	C:\PROGRA~1\Java\JDK17~1.0_2\jre\bin\verify.dll
0x0000000063bb0000 - 0x0000000063bd8000 	C:\PROGRA~1\Java\JDK17~1.0_2\jre\bin\java.dll
0x00000000666f0000 - 0x0000000066705000 	C:\PROGRA~1\Java\JDK17~1.0_2\jre\bin\zip.dll
0x0000000063af0000 - 0x0000000063b09000 	C:\Program Files\Java\jdk1.7.0_25\jre\bin\net.dll
0x000007fefd1d0000 - 0x000007fefd225000 	C:\Windows\system32\mswsock.dll
0x000007fefd1c0000 - 0x000007fefd1c7000 	C:\Windows\System32\wship6.dll
0x0000000063390000 - 0x00000000633a1000 	C:\Program Files\Java\jdk1.7.0_25\jre\bin\nio.dll

VM Arguments:
jvm_args: -Xmx4g -Xss1m -Djava.ext.dirs=D:\Development\adt-bundle-windows-x86_64-20130729\sdk\build-tools\19.1.0\lib 
java_command: D:\Development\adt-bundle-windows-x86_64-20130729\sdk\build-tools\19.1.0\lib\dx.jar --dex --force-jumbo --output D:\Documents\GitHub\HashEngineering\Groestlcoin\AegisWallet\mobile\build\intermediates\pre-dexed\debug\Ncl-e869bf793e5cc83926b33153aeec41e936a711f4.jar D:\Documents\GitHub\HashEngineering\Groestlcoin\AegisWallet\mobile\libs\Ncl.jar
Launcher Type: SUN_STANDARD

Environment Variables:
JAVA_HOME=C:\Program Files\Java\jdk1.7.0_25
PATH=C:\ProgramData\Oracle\Java\javapath;C:\bin\Python34\;C:\bin\Python34\Scripts;C:\bin\mingw32\msys\1.0\bin;C:\bin\Perl64\site\bin;C:\bin\Perl64\bin\;C:\Program Files (x86)\AMD APP\bin\x86_64;C:\Program Files (x86)\AMD APP\bin\x86;C:\Program Files\Common Files\Microsoft Shared\Windows Live;C:\Program Files (x86)\Common Files\Microsoft Shared\Windows Live;C:\Program Files (x86)\NVIDIA Corporation\PhysX\Common;C:\Windows\system32;C:\Windows;C:\Windows\System32\Wbem;C:\Windows\System32\WindowsPowerShell\v1.0\;C:\Program Files\Intel\DMIX;C:\Program Files (x86)\WinMerge;C:\Program Files\lame64;C:\Program Files (x86)\Common Files\HP\Digital Imaging\bin;C:\Program Files (x86)\HP\Digital Imaging\bin\;C:\Program Files (x86)\ATI Technologies\ATI.ACE\Core-Static;C:\bin\MinGW32\bin;C:\Program Files\Java\jre7\bin;C:\Program Files\Apache Software Foundation\apache-maven-3.0.5\bin;D:\Development\adt-bundle-windows-x86_64-20130729\sdk\tools;D:\Development\adt-bundle-windows-x86_64-20130729\sdk\platform-tools;C:\Program Files\gradle-2.2.1\bin;D:\Development\adt-bundle-windows-x86_64-20130729\sdk\build-tools;C:\Program Files\SourceGear\Common\DiffMerge\;D:\deps\Qt\5.2.0\bin;C:\Program Files (x86)\Windows Live\Shared;D:\bin;C:\Program Files (x86)\Skype\Phone\
USERNAME=Eric
OS=Windows_NT
PROCESSOR_IDENTIFIER=Intel64 Family 6 Model 42 Stepping 7, GenuineIntel



---------------  S Y S T E M  ---------------

OS: Windows 7 , 64 bit Build 7601 Service Pack 1

CPU:total 8 (4 cores per cpu, 2 threads per core) family 6 model 42 stepping 7, cmov, cx8, fxsr, mmx, sse, sse2, sse3, ssse3, sse4.1, sse4.2, popcnt, avx, ht, tsc, tscinvbit

Memory: 4k page, physical 16750160k(1588148k free), swap 19481920k(531220k free)

vm_info: Java HotSpot(TM) 64-Bit Server VM (23.25-b01) for windows-amd64 JRE (1.7.0_25-b17), built on Jun 21 2013 12:58:32 by "java_re" with unknown MS VC++:1600

time: Wed May 06 23:09:59 2015
elapsed time: 1 seconds

