#
# There is insufficient memory for the Java Runtime Environment to continue.
# Native memory allocation (malloc) failed to allocate 78656 bytes for Chunk::new
# Possible reasons:
#   The system is out of physical RAM or swap space
#   In 32 bit mode, the process size limit was hit
# Possible solutions:
#   Reduce memory load on the system
#   Increase physical memory or swap space
#   Check if swap backing store is full
#   Use 64 bit Java on a 64 bit OS
#   Decrease Java heap size (-Xmx/-Xms)
#   Decrease number of Java threads
#   Decrease Java thread stack sizes (-Xss)
#   Set larger code cache with -XX:ReservedCodeCacheSize=
# This output file may be truncated or incomplete.
#
#  Out of Memory Error (allocation.cpp:328), pid=13668, tid=12568
#
# JRE version: 7.0_25-b17
# Java VM: Java HotSpot(TM) 64-Bit Server VM (23.25-b01 mixed mode windows-amd64 compressed oops)
# Failed to write core dump. Minidumps are not enabled by default on client versions of Windows
#

---------------  T H R E A D  ---------------

Current thread (0x000000001388a000):  JavaThread "C2 CompilerThread1" daemon [_thread_in_native, id=12568, stack(0x0000000013e20000,0x0000000013f20000)]

Stack: [0x0000000013e20000,0x0000000013f20000]

Current CompileTask:
C2:   1529   62             com.android.dx.rop.code.RegisterSpecSet::mutableCopy (57 bytes)


---------------  P R O C E S S  ---------------

Java Threads: ( => current thread )
  0x0000000013897000 JavaThread "Service Thread" daemon [_thread_blocked, id=4272, stack(0x0000000014030000,0x0000000014130000)]
=>0x000000001388a000 JavaThread "C2 CompilerThread1" daemon [_thread_in_native, id=12568, stack(0x0000000013e20000,0x0000000013f20000)]
  0x0000000013881000 JavaThread "C2 CompilerThread0" daemon [_thread_blocked, id=10976, stack(0x0000000013f20000,0x0000000014020000)]
  0x000000001387d800 JavaThread "Attach Listener" daemon [_thread_blocked, id=12292, stack(0x0000000013c70000,0x0000000013d70000)]
  0x000000001387c800 JavaThread "Signal Dispatcher" daemon [_thread_blocked, id=9076, stack(0x00000000133a0000,0x00000000134a0000)]
  0x0000000011759000 JavaThread "Finalizer" daemon [_thread_blocked, id=11448, stack(0x0000000013730000,0x0000000013830000)]
  0x000000001174f800 JavaThread "Reference Handler" daemon [_thread_blocked, id=11384, stack(0x0000000013600000,0x0000000013700000)]
  0x000000000248e800 JavaThread "main" [_thread_in_vm, id=13268, stack(0x0000000002710000,0x0000000002810000)]

Other Threads:
  0x000000001174a000 VMThread [stack: 0x00000000134e0000,0x00000000135e0000] [id=12888]
  0x000000001389f800 WatcherThread [stack: 0x00000000141f0000,0x00000000142f0000] [id=11408]

VM state:synchronizing (normal execution)

VM Mutex/Monitor currently owned by a thread:  ([mutex/lock_event])
[0x000000000248bac0] Safepoint_lock - owner thread: 0x000000001174a000
[0x000000000248bb40] Threads_lock - owner thread: 0x000000001174a000

Heap
 PSYoungGen      total 76352K, used 10480K [0x00000007aaab0000, 0x00000007affe0000, 0x0000000800000000)
  eden space 65472K, 16% used [0x00000007aaab0000,0x00000007ab4ec020,0x00000007aeaa0000)
  from space 10880K, 0% used [0x00000007af540000,0x00000007af540000,0x00000007affe0000)
  to   space 10880K, 0% used [0x00000007aeaa0000,0x00000007aeaa0000,0x00000007af540000)
 ParOldGen       total 174528K, used 0K [0x0000000700000000, 0x000000070aa70000, 0x00000007aaab0000)
  object space 174528K, 0% used [0x0000000700000000,0x0000000700000000,0x000000070aa70000)
 PSPermGen       total 21248K, used 5228K [0x00000006fae00000, 0x00000006fc2c0000, 0x0000000700000000)
  object space 21248K, 24% used [0x00000006fae00000,0x00000006fb31b0b8,0x00000006fc2c0000)

Card table byte_map: [0x0000000005810000,0x0000000006040000] byte_map_base: 0x0000000002039000

Polling page: 0x0000000000130000

Code Cache  [0x0000000002810000, 0x0000000002a80000, 0x0000000005810000)
 total_blobs=292 nmethods=61 adapters=182 free_code_cache=48675Kb largest_free_block=49825216

Compilation events (10 events):
Event: 0.561 Thread 0x000000001388a000 nmethod 58 0x0000000002884350 code [0x00000000028844a0, 0x0000000002884578]
Event: 0.561 Thread 0x000000001388a000   59             com.android.dx.util.MutabilityControl::setImmutable (6 bytes)
Event: 0.561 Thread 0x000000001388a000 nmethod 59 0x0000000002884150 code [0x0000000002884280, 0x00000000028842d8]
Event: 0.567 Thread 0x0000000013881000 nmethod 57 0x000000000288a010 code [0x000000000288a1e0, 0x000000000288ae90]
Event: 0.592 Thread 0x000000001388a000   60             com.android.dx.rop.code.InsnList::get (9 bytes)
Event: 0.592 Thread 0x0000000013881000   61             java.util.BitSet::get (69 bytes)
Event: 0.592 Thread 0x000000001388a000 nmethod 60 0x0000000002883e10 code [0x0000000002883f60, 0x0000000002884038]
Event: 0.593 Thread 0x000000001388a000   62             com.android.dx.rop.code.RegisterSpecSet::mutableCopy (57 bytes)
Event: 0.593 Thread 0x0000000013881000 nmethod 61 0x0000000002883a90 code [0x0000000002883bc0, 0x0000000002883c98]
Event: 0.595 Thread 0x0000000013881000   63             java.util.HashMap::get (29 bytes)

GC Heap History (0 events):
No events

Deoptimization events (1 events):
Event: 0.598 Thread 0x000000000248e800 Uncommon trap -34 fr.pc 0x00000000028832f4

Internal exceptions (1 events):
Event: 0.028 Thread 0x000000000248e800 Threw 0x00000007aaab61b0 at C:\jdk7u2_64p\jdk7u25\hotspot\src\share\vm\prims\jni.cpp:3994

Events (10 events):
Event: 0.379 loading class 0x00000000139ef450 done
Event: 0.422 loading class 0x00000000139ef4a0
Event: 0.422 loading class 0x00000000139ef4a0 done
Event: 0.460 loading class 0x000000001176e560
Event: 0.460 loading class 0x000000001176e560 done
Event: 0.505 loading class 0x00000000138cf1c0
Event: 0.505 loading class 0x00000000138cf1c0 done
Event: 0.505 loading class 0x00000000138f9cf0
Event: 0.505 loading class 0x00000000138f9cf0 done
Event: 0.598 Thread 0x000000000248e800 DEOPT PACKING pc=0x00000000028832f4 sp=0x000000000280eba0


Dynamic libraries:
0x000000013f750000 - 0x000000013f783000 	C:\PROGRA~1\Java\JDK17~1.0_2\bin\java.exe
0x0000000077c30000 - 0x0000000077dd8000 	C:\Windows\SYSTEM32\ntdll.dll
0x0000000077b10000 - 0x0000000077c2f000 	C:\Windows\system32\kernel32.dll
0x000007fefdd40000 - 0x000007fefddac000 	C:\Windows\system32\KERNELBASE.dll
0x000007feff440000 - 0x000007feff51b000 	C:\Windows\system32\ADVAPI32.dll
0x000007fefe090000 - 0x000007fefe12f000 	C:\Windows\system32\msvcrt.dll
0x000007fefe1e0000 - 0x000007fefe1ff000 	C:\Windows\SYSTEM32\sechost.dll
0x000007feff120000 - 0x000007feff24d000 	C:\Windows\system32\RPCRT4.dll
0x0000000077a10000 - 0x0000000077b0a000 	C:\Windows\system32\USER32.dll
0x000007fefde10000 - 0x000007fefde77000 	C:\Windows\system32\GDI32.dll
0x000007feff430000 - 0x000007feff43e000 	C:\Windows\system32\LPK.dll
0x000007fefe200000 - 0x000007fefe2c9000 	C:\Windows\system32\USP10.dll
0x000007fefc2e0000 - 0x000007fefc4d4000 	C:\Windows\WinSxS\amd64_microsoft.windows.common-controls_6595b64144ccf1df_6.0.7601.17514_none_fa396087175ac9ac\COMCTL32.dll
0x000007feffc70000 - 0x000007feffce1000 	C:\Windows\system32\SHLWAPI.dll
0x000007feff520000 - 0x000007feff54e000 	C:\Windows\system32\IMM32.DLL
0x000007feffb60000 - 0x000007feffc69000 	C:\Windows\system32\MSCTF.dll
0x0000000056fd0000 - 0x00000000570a1000 	C:\PROGRA~1\Java\JDK17~1.0_2\jre\bin\msvcr100.dll
0x0000000050bb0000 - 0x00000000512bf000 	C:\PROGRA~1\Java\JDK17~1.0_2\jre\bin\server\jvm.dll
0x000007fef7b60000 - 0x000007fef7b69000 	C:\Windows\system32\WSOCK32.dll
0x000007feffb10000 - 0x000007feffb5d000 	C:\Windows\system32\WS2_32.dll
0x000007fefe130000 - 0x000007fefe138000 	C:\Windows\system32\NSI.dll
0x000007fefa400000 - 0x000007fefa43b000 	C:\Windows\system32\WINMM.dll
0x0000000077df0000 - 0x0000000077df7000 	C:\Windows\system32\PSAPI.DLL
0x0000000073f80000 - 0x0000000073f8f000 	C:\PROGRA~1\Java\JDK17~1.0_2\jre\bin\verify.dll
0x0000000063bb0000 - 0x0000000063bd8000 	C:\PROGRA~1\Java\JDK17~1.0_2\jre\bin\java.dll
0x00000000666f0000 - 0x0000000066705000 	C:\PROGRA~1\Java\JDK17~1.0_2\jre\bin\zip.dll
0x0000000063b90000 - 0x0000000063ba9000 	C:\Program Files\Java\jdk1.7.0_25\jre\bin\net.dll
0x000007fefd1d0000 - 0x000007fefd225000 	C:\Windows\system32\mswsock.dll
0x000007fefd1c0000 - 0x000007fefd1c7000 	C:\Windows\System32\wship6.dll
0x0000000063b70000 - 0x0000000063b81000 	C:\Program Files\Java\jdk1.7.0_25\jre\bin\nio.dll

VM Arguments:
jvm_args: -Xmx4g -Xss1m -Djava.ext.dirs=D:\Development\adt-bundle-windows-x86_64-20130729\sdk\build-tools\19.1.0\lib 
java_command: D:\Development\adt-bundle-windows-x86_64-20130729\sdk\build-tools\19.1.0\lib\dx.jar --dex --force-jumbo --output D:\Documents\GitHub\HashEngineering\Groestlcoin\AegisWallet\mobile\build\intermediates\pre-dexed\debug\android-integration-3.0.0-14b819bd2b589e5e3ca47759f54233654ba3a0ad.jar D:\Documents\GitHub\HashEngineering\Groestlcoin\AegisWallet\mobile\libs\android-integration-3.0.0.jar
Launcher Type: SUN_STANDARD

Environment Variables:
JAVA_HOME=C:\Program Files\Java\jdk1.7.0_25
PATH=C:\ProgramData\Oracle\Java\javapath;C:\bin\Python34\;C:\bin\Python34\Scripts;C:\bin\mingw32\msys\1.0\bin;C:\bin\Perl64\site\bin;C:\bin\Perl64\bin\;C:\Program Files (x86)\AMD APP\bin\x86_64;C:\Program Files (x86)\AMD APP\bin\x86;C:\Program Files\Common Files\Microsoft Shared\Windows Live;C:\Program Files (x86)\Common Files\Microsoft Shared\Windows Live;C:\Program Files (x86)\NVIDIA Corporation\PhysX\Common;C:\Windows\system32;C:\Windows;C:\Windows\System32\Wbem;C:\Windows\System32\WindowsPowerShell\v1.0\;C:\Program Files\Intel\DMIX;C:\Program Files (x86)\WinMerge;C:\Program Files\lame64;C:\Program Files (x86)\Common Files\HP\Digital Imaging\bin;C:\Program Files (x86)\HP\Digital Imaging\bin\;C:\Program Files (x86)\ATI Technologies\ATI.ACE\Core-Static;C:\bin\MinGW32\bin;C:\Program Files\Java\jre7\bin;C:\Program Files\Apache Software Foundation\apache-maven-3.0.5\bin;D:\Development\adt-bundle-windows-x86_64-20130729\sdk\tools;D:\Development\adt-bundle-windows-x86_64-20130729\sdk\platform-tools;C:\Program Files\gradle-2.2.1\bin;D:\Development\adt-bundle-windows-x86_64-20130729\sdk\build-tools;C:\Program Files\SourceGear\Common\DiffMerge\;D:\deps\Qt\5.2.0\bin;C:\Program Files (x86)\Windows Live\Shared;D:\bin;C:\Program Files (x86)\Skype\Phone\
USERNAME=Eric
OS=Windows_NT
PROCESSOR_IDENTIFIER=Intel64 Family 6 Model 42 Stepping 7, GenuineIntel



---------------  S Y S T E M  ---------------

OS: Windows 7 , 64 bit Build 7601 Service Pack 1

CPU:total 8 (4 cores per cpu, 2 threads per core) family 6 model 42 stepping 7, cmov, cx8, fxsr, mmx, sse, sse2, sse3, ssse3, sse4.1, sse4.2, popcnt, avx, ht, tsc, tscinvbit

Memory: 4k page, physical 16750160k(3270708k free), swap 21785704k(3053288k free)

vm_info: Java HotSpot(TM) 64-Bit Server VM (23.25-b01) for windows-amd64 JRE (1.7.0_25-b17), built on Jun 21 2013 12:58:32 by "java_re" with unknown MS VC++:1600

time: Thu May 07 07:41:41 2015
elapsed time: 1 seconds

